<?xml version="1.0" encoding="UTF-8"?>
<testng-results skipped="0" failed="0" ignored="0" total="1" passed="1">
  <reporter-output>
  </reporter-output>
  <suite name="Suite" duration-ms="17" started-at="2017-10-05T11:48:24Z" finished-at="2017-10-05T11:48:24Z">
    <groups>
    </groups>
    <test name="Test" duration-ms="17" started-at="2017-10-05T11:48:24Z" finished-at="2017-10-05T11:48:24Z">
      <class name="com.yourcompany.JenkinsTest">
        <test-method status="PASS" signature="beforeMethod()[pri:0, instance:com.yourcompany.JenkinsTest@6ea12c19]" name="beforeMethod" is-config="true" duration-ms="4" started-at="2017-10-05T17:18:24Z" finished-at="2017-10-05T17:18:24Z">
          <reporter-output>
          </reporter-output>
        </test-method> <!-- beforeMethod -->
        <test-method status="PASS" signature="f()[pri:0, instance:com.yourcompany.JenkinsTest@6ea12c19]" name="f" duration-ms="1" started-at="2017-10-05T17:18:24Z" finished-at="2017-10-05T17:18:24Z">
          <reporter-output>
          </reporter-output>
        </test-method> <!-- f -->
        <test-method status="PASS" signature="afterMethod()[pri:0, instance:com.yourcompany.JenkinsTest@6ea12c19]" name="afterMethod" is-config="true" duration-ms="0" started-at="2017-10-05T17:18:24Z" finished-at="2017-10-05T17:18:24Z">
          <reporter-output>
          </reporter-output>
        </test-method> <!-- afterMethod -->
      </class> <!-- com.yourcompany.JenkinsTest -->
    </test> <!-- Test -->
  </suite> <!-- Suite -->
</testng-results>
